Vivado Simulator 2017.2
Time resolution is 1 ps
page_table: valid=0,page_table PPN_out = 0xxx
TLB Start
tlb_hit: 0
1: address = 10'b0000000000; read_write = 0; 
page_table :valid=1,page_table PPN_out = 0x00
Start
hit_miss: x
Check: Dirty: x
readindex: x
tag[index0]: xxxx
tag[index1]: xxxx
TLB: miss,visit_entry=0x0
TLB: miss,valid[visit_entry]=0x1,PPN[visit_entry]=0x00
TLB: miss, PA=0x000,refer[0x0]=1
TLB[00000000000000000000000000000000],refer:1
dirty:0
VPN:  0
PPN: 0
TLB[00000000000000000000000000000001],refer:0
dirty:0
VPN:  0
PPN: 0
TLB[00000000000000000000000000000010],refer:0
dirty:0
VPN:  0
PPN: 0
TLB[00000000000000000000000000000011],refer:0
dirty:0
VPN:  0
PPN: 0
TLB[00000000000000000000000000000100],refer:0
dirty:0
VPN:  0
PPN: 0
TLB[00000000000000000000000000000101],refer:0
dirty:0
VPN:  0
PPN: 0
TLB[00000000000000000000000000000110],refer:0
dirty:0
VPN:  0
PPN: 0
TLB[00000000000000000000000000000111],refer:0
dirty:0
VPN:  0
PPN: 0
TLB[00000000000000000000000000001000],refer:0
dirty:0
VPN:  0
PPN: 0
TLB[00000000000000000000000000001001],refer:0
dirty:0
VPN:  0
PPN: 0
TLB[00000000000000000000000000001010],refer:0
dirty:0
VPN:  0
PPN: 0
TLB[00000000000000000000000000001011],refer:0
dirty:0
VPN:  0
PPN: 0
TLB[00000000000000000000000000001100],refer:0
dirty:0
VPN:  0
PPN: 0
TLB[00000000000000000000000000001101],refer:0
dirty:0
VPN:  0
PPN: 0
TLB[00000000000000000000000000001110],refer:0
dirty:0
VPN:  0
PPN: 0
TLB[00000000000000000000000000001111],refer:0
dirty:0
VPN:  0
PPN: 0
memread! : xxxxxxxxxxxxxxxx
================================================== 
read_write= 0; read_data= xxxxxxxxxxxxxxxxxxxxxxxxxxxxxxxx; address=xxxxxxxxxx; write_data=xxxxxxxxxxxxxxxx
readindex: x
caches[          0][          0]: 00000000000000000000000000000000,tag:0000
caches[          0][          1]: 00000000000000000000000000000000,tag:0000
caches[          1][          0]: 00000000000000000000000000000000,tag:0000
caches[          1][          1]: 00000000000000000000000000000000,tag:0000
caches[          2][          0]: 00000000000000000000000000000000,tag:0000
caches[          2][          1]: 00000000000000000000000000000000,tag:0000
caches[          3][          0]: 00000000000000000000000000000000,tag:0000
caches[          3][          1]: 00000000000000000000000000000000,tag:0000
caches[          4][          0]: 00000000000000000000000000000000,tag:0000
caches[          4][          1]: 00000000000000000000000000000000,tag:0000
caches[          5][          0]: 00000000000000000000000000000000,tag:0000
caches[          5][          1]: 00000000000000000000000000000000,tag:0000
caches[          6][          0]: 00000000000000000000000000000000,tag:0000
caches[          6][          1]: 00000000000000000000000000000000,tag:0000
caches[          7][          0]: 00000000000000000000000000000000,tag:0000
caches[          7][          1]: 00000000000000000000000000000000,tag:0000
================================================== 

 
Start
hit_miss: 0
Check: Dirty: 0
readindex: 0
tag[index0]: 0000
tag[index1]: 0000
memread! : xxxxxxxxxxxxxxxx
================================================== 
read_write= 0; read_data= xxxxxxxxxxxxxxxxxxxxxxxxxxxxxxxx; address=0000000000; write_data=xxxxxxxxxxxxxxxx
readindex: 0
caches[          0][          0]: xxxxxxxxxxxxxxxxxxxxxxxxxxxxxxxx,tag:0000
caches[          0][          1]: xxxxxxxxxxxxxxxxxxxxxxxxxxxxxxxx,tag:0000
caches[          1][          0]: 00000000000000000000000000000000,tag:0000
caches[          1][          1]: 00000000000000000000000000000000,tag:0000
caches[          2][          0]: 00000000000000000000000000000000,tag:0000
caches[          2][          1]: 00000000000000000000000000000000,tag:0000
caches[          3][          0]: 00000000000000000000000000000000,tag:0000
caches[          3][          1]: 00000000000000000000000000000000,tag:0000
caches[          4][          0]: 00000000000000000000000000000000,tag:0000
caches[          4][          1]: 00000000000000000000000000000000,tag:0000
caches[          5][          0]: 00000000000000000000000000000000,tag:0000
caches[          5][          1]: 00000000000000000000000000000000,tag:0000
caches[          6][          0]: 00000000000000000000000000000000,tag:0000
caches[          6][          1]: 00000000000000000000000000000000,tag:0000
caches[          7][          0]: 00000000000000000000000000000000,tag:0000
caches[          7][          1]: 00000000000000000000000000000000,tag:0000
================================================== 

 
2:read_write = 1; address = 10'b0000000000; write_data = 8'b11111111; 
Start
hit_miss: 1
Check: Dirty: 0
readindex: 1
tag[index0]: 0000
tag[index1]: 0000
================================================== 
read_write= 1; read_data= xxxxxxxxxxxxxxxxxxxxxxxxxxxxxxxx; address=0000000000; write_data=xxxxxxxxxxxxxxxx
readindex: 1
caches[          0][          0]: 00000000000000000000000011111111,tag:0000
caches[          0][          1]: xxxxxxxxxxxxxxxxxxxxxxxxxxxxxxxx,tag:0000
caches[          1][          0]: 00000000000000000000000000000000,tag:0000
caches[          1][          1]: 00000000000000000000000000000000,tag:0000
caches[          2][          0]: 00000000000000000000000000000000,tag:0000
caches[          2][          1]: 00000000000000000000000000000000,tag:0000
caches[          3][          0]: 00000000000000000000000000000000,tag:0000
caches[          3][          1]: 00000000000000000000000000000000,tag:0000
caches[          4][          0]: 00000000000000000000000000000000,tag:0000
caches[          4][          1]: 00000000000000000000000000000000,tag:0000
caches[          5][          0]: 00000000000000000000000000000000,tag:0000
caches[          5][          1]: 00000000000000000000000000000000,tag:0000
caches[          6][          0]: 00000000000000000000000000000000,tag:0000
caches[          6][          1]: 00000000000000000000000000000000,tag:0000
caches[          7][          0]: 00000000000000000000000000000000,tag:0000
caches[          7][          1]: 00000000000000000000000000000000,tag:0000
================================================== 

 
TLB Start
TLB: i=          0,  VA[11:4]==VPN[i ]=0x00 && valid[i], tlb_hit=1
tlb_hit: 1
TLB: hit, PA=0x000,refer[0x0]=1
TLB: hit,write,dirty[0x0]=1
TLB[00000000000000000000000000000000],refer:1
dirty:1
VPN:  0
PPN: 0
TLB[00000000000000000000000000000001],refer:0
dirty:0
VPN:  0
PPN: 0
TLB[00000000000000000000000000000010],refer:0
dirty:0
VPN:  0
PPN: 0
TLB[00000000000000000000000000000011],refer:0
dirty:0
VPN:  0
PPN: 0
TLB[00000000000000000000000000000100],refer:0
dirty:0
VPN:  0
PPN: 0
TLB[00000000000000000000000000000101],refer:0
dirty:0
VPN:  0
PPN: 0
TLB[00000000000000000000000000000110],refer:0
dirty:0
VPN:  0
PPN: 0
TLB[00000000000000000000000000000111],refer:0
dirty:0
VPN:  0
PPN: 0
TLB[00000000000000000000000000001000],refer:0
dirty:0
VPN:  0
PPN: 0
TLB[00000000000000000000000000001001],refer:0
dirty:0
VPN:  0
PPN: 0
TLB[00000000000000000000000000001010],refer:0
dirty:0
VPN:  0
PPN: 0
TLB[00000000000000000000000000001011],refer:0
dirty:0
VPN:  0
PPN: 0
TLB[00000000000000000000000000001100],refer:0
dirty:0
VPN:  0
PPN: 0
TLB[00000000000000000000000000001101],refer:0
dirty:0
VPN:  0
PPN: 0
TLB[00000000000000000000000000001110],refer:0
dirty:0
VPN:  0
PPN: 0
TLB[00000000000000000000000000001111],refer:0
dirty:0
VPN:  0
PPN: 0
3:read_write = 0; address = 10'b0000000000; 
First word in main memory = 0x00000000
Start
hit_miss: 1
Check: Dirty: 0
readindex: 1
tag[index0]: 0000
tag[index1]: 0000
================================================== 
read_write= 0; read_data= 00000000000000000000000011111111; address=0000000000; write_data=xxxxxxxxxxxxxxxx
readindex: 1
caches[          0][          0]: 00000000000000000000000011111111,tag:0000
caches[          0][          1]: xxxxxxxxxxxxxxxxxxxxxxxxxxxxxxxx,tag:0000
caches[          1][          0]: 00000000000000000000000000000000,tag:0000
caches[          1][          1]: 00000000000000000000000000000000,tag:0000
caches[          2][          0]: 00000000000000000000000000000000,tag:0000
caches[          2][          1]: 00000000000000000000000000000000,tag:0000
caches[          3][          0]: 00000000000000000000000000000000,tag:0000
caches[          3][          1]: 00000000000000000000000000000000,tag:0000
caches[          4][          0]: 00000000000000000000000000000000,tag:0000
caches[          4][          1]: 00000000000000000000000000000000,tag:0000
caches[          5][          0]: 00000000000000000000000000000000,tag:0000
caches[          5][          1]: 00000000000000000000000000000000,tag:0000
caches[          6][          0]: 00000000000000000000000000000000,tag:0000
caches[          6][          1]: 00000000000000000000000000000000,tag:0000
caches[          7][          0]: 00000000000000000000000000000000,tag:0000
caches[          7][          1]: 00000000000000000000000000000000,tag:0000
================================================== 

 
TLB Start
TLB: i=          0,  VA[11:4]==VPN[i ]=0x00 && valid[i], tlb_hit=1
tlb_hit: 1
TLB: hit, PA=0x000,refer[0x0]=1
TLB[00000000000000000000000000000000],refer:1
dirty:1
VPN:  0
PPN: 0
TLB[00000000000000000000000000000001],refer:0
dirty:0
VPN:  0
PPN: 0
TLB[00000000000000000000000000000010],refer:0
dirty:0
VPN:  0
PPN: 0
TLB[00000000000000000000000000000011],refer:0
dirty:0
VPN:  0
PPN: 0
TLB[00000000000000000000000000000100],refer:0
dirty:0
VPN:  0
PPN: 0
TLB[00000000000000000000000000000101],refer:0
dirty:0
VPN:  0
PPN: 0
TLB[00000000000000000000000000000110],refer:0
dirty:0
VPN:  0
PPN: 0
TLB[00000000000000000000000000000111],refer:0
dirty:0
VPN:  0
PPN: 0
TLB[00000000000000000000000000001000],refer:0
dirty:0
VPN:  0
PPN: 0
TLB[00000000000000000000000000001001],refer:0
dirty:0
VPN:  0
PPN: 0
TLB[00000000000000000000000000001010],refer:0
dirty:0
VPN:  0
PPN: 0
TLB[00000000000000000000000000001011],refer:0
dirty:0
VPN:  0
PPN: 0
TLB[00000000000000000000000000001100],refer:0
dirty:0
VPN:  0
PPN: 0
TLB[00000000000000000000000000001101],refer:0
dirty:0
VPN:  0
PPN: 0
TLB[00000000000000000000000000001110],refer:0
dirty:0
VPN:  0
PPN: 0
TLB[00000000000000000000000000001111],refer:0
dirty:0
VPN:  0
PPN: 0
4:read_write = 0; address = 10'b1000000000 
TLB Start
tlb_hit: 0
page_table :valid=1,page_table PPN_out = 0x20
TLB: miss,visit_entry=0x1
TLB: miss,valid[visit_entry]=0x1,PPN[visit_entry]=0x20
TLB: miss, PA=0x200,refer[0x1]=1
TLB[00000000000000000000000000000000],refer:1
dirty:1
VPN:  0
PPN: 0
TLB[00000000000000000000000000000001],refer:1
dirty:0
VPN: 32
PPN:32
TLB[00000000000000000000000000000010],refer:0
dirty:0
VPN:  0
PPN: 0
TLB[00000000000000000000000000000011],refer:0
dirty:0
VPN:  0
PPN: 0
TLB[00000000000000000000000000000100],refer:0
dirty:0
VPN:  0
PPN: 0
TLB[00000000000000000000000000000101],refer:0
dirty:0
VPN:  0
PPN: 0
TLB[00000000000000000000000000000110],refer:0
dirty:0
VPN:  0
PPN: 0
TLB[00000000000000000000000000000111],refer:0
dirty:0
VPN:  0
PPN: 0
TLB[00000000000000000000000000001000],refer:0
dirty:0
VPN:  0
PPN: 0
TLB[00000000000000000000000000001001],refer:0
dirty:0
VPN:  0
PPN: 0
TLB[00000000000000000000000000001010],refer:0
dirty:0
VPN:  0
PPN: 0
TLB[00000000000000000000000000001011],refer:0
dirty:0
VPN:  0
PPN: 0
TLB[00000000000000000000000000001100],refer:0
dirty:0
VPN:  0
PPN: 0
TLB[00000000000000000000000000001101],refer:0
dirty:0
VPN:  0
PPN: 0
TLB[00000000000000000000000000001110],refer:0
dirty:0
VPN:  0
PPN: 0
TLB[00000000000000000000000000001111],refer:0
dirty:0
VPN:  0
PPN: 0
Start
hit_miss: 0
Check: Dirty: 0
readindex: 1
tag[index0]: 0000
tag[index1]: 0000
memread! : xxxxxxxxxxxxxxxx
================================================== 
read_write= 0; read_data= 00000000000000000000000011111111; address=1000000000; write_data=xxxxxxxxxxxxxxxx
readindex: 1
caches[          0][          0]: 00000000000000000000000011111111,tag:0000
caches[          0][          1]: xxxxxxxxxxxxxxxxxxxxxxxxxxxxxxxx,tag:0000
caches[          1][          0]: xxxxxxxxxxxxxxxxxxxxxxxxxxxxxxxx,tag:1000
caches[          1][          1]: xxxxxxxxxxxxxxxxxxxxxxxxxxxxxxxx,tag:1000
caches[          2][          0]: 00000000000000000000000000000000,tag:0000
caches[          2][          1]: 00000000000000000000000000000000,tag:0000
caches[          3][          0]: 00000000000000000000000000000000,tag:0000
caches[          3][          1]: 00000000000000000000000000000000,tag:0000
caches[          4][          0]: 00000000000000000000000000000000,tag:0000
caches[          4][          1]: 00000000000000000000000000000000,tag:0000
caches[          5][          0]: 00000000000000000000000000000000,tag:0000
caches[          5][          1]: 00000000000000000000000000000000,tag:0000
caches[          6][          0]: 00000000000000000000000000000000,tag:0000
caches[          6][          1]: 00000000000000000000000000000000,tag:0000
caches[          7][          0]: 00000000000000000000000000000000,tag:0000
caches[          7][          1]: 00000000000000000000000000000000,tag:0000
================================================== 

 
5:read_write = 0; address = 10'b0000000000 
TLB Start
TLB: i=          0,  VA[11:4]==VPN[i ]=0x00 && valid[i], tlb_hit=1
tlb_hit: 1
TLB: hit, PA=0x000,refer[0x0]=1
TLB[00000000000000000000000000000000],refer:1
dirty:1
VPN:  0
PPN: 0
TLB[00000000000000000000000000000001],refer:1
dirty:0
VPN: 32
PPN:32
TLB[00000000000000000000000000000010],refer:0
dirty:0
VPN:  0
PPN: 0
TLB[00000000000000000000000000000011],refer:0
dirty:0
VPN:  0
PPN: 0
TLB[00000000000000000000000000000100],refer:0
dirty:0
VPN:  0
PPN: 0
TLB[00000000000000000000000000000101],refer:0
dirty:0
VPN:  0
PPN: 0
TLB[00000000000000000000000000000110],refer:0
dirty:0
VPN:  0
PPN: 0
TLB[00000000000000000000000000000111],refer:0
dirty:0
VPN:  0
PPN: 0
TLB[00000000000000000000000000001000],refer:0
dirty:0
VPN:  0
PPN: 0
TLB[00000000000000000000000000001001],refer:0
dirty:0
VPN:  0
PPN: 0
TLB[00000000000000000000000000001010],refer:0
dirty:0
VPN:  0
PPN: 0
TLB[00000000000000000000000000001011],refer:0
dirty:0
VPN:  0
PPN: 0
TLB[00000000000000000000000000001100],refer:0
dirty:0
VPN:  0
PPN: 0
TLB[00000000000000000000000000001101],refer:0
dirty:0
VPN:  0
PPN: 0
TLB[00000000000000000000000000001110],refer:0
dirty:0
VPN:  0
PPN: 0
TLB[00000000000000000000000000001111],refer:0
dirty:0
VPN:  0
PPN: 0
page_table :valid=1,page_table PPN_out = 0x00
Start
hit_miss: 1
Check: Dirty: 1
readindex: 0
tag[index0]: 0000
tag[index1]: 1000
================================================== 
read_write= 0; read_data= 00000000000000000000000011111111; address=1000000000; write_data=xxxxxxxxxxxxxxxx
readindex: 0
caches[          0][          0]: 00000000000000000000000011111111,tag:0000
caches[          0][          1]: xxxxxxxxxxxxxxxxxxxxxxxxxxxxxxxx,tag:0000
caches[          1][          0]: xxxxxxxxxxxxxxxxxxxxxxxxxxxxxxxx,tag:1000
caches[          1][          1]: xxxxxxxxxxxxxxxxxxxxxxxxxxxxxxxx,tag:1000
caches[          2][          0]: 00000000000000000000000000000000,tag:0000
caches[          2][          1]: 00000000000000000000000000000000,tag:0000
caches[          3][          0]: 00000000000000000000000000000000,tag:0000
caches[          3][          1]: 00000000000000000000000000000000,tag:0000
caches[          4][          0]: 00000000000000000000000000000000,tag:0000
caches[          4][          1]: 00000000000000000000000000000000,tag:0000
caches[          5][          0]: 00000000000000000000000000000000,tag:0000
caches[          5][          1]: 00000000000000000000000000000000,tag:0000
caches[          6][          0]: 00000000000000000000000000000000,tag:0000
caches[          6][          1]: 00000000000000000000000000000000,tag:0000
caches[          7][          0]: 00000000000000000000000000000000,tag:0000
caches[          7][          1]: 00000000000000000000000000000000,tag:0000
================================================== 

 
TLB Start
TLB: i=          0,  VA[11:4]==VPN[i ]=0x00 && valid[i], tlb_hit=1
tlb_hit: 1
TLB: hit, PA=0x000,refer[0x0]=1
TLB[00000000000000000000000000000000],refer:1
dirty:1
VPN:  0
PPN: 0
TLB[00000000000000000000000000000001],refer:1
dirty:0
VPN: 32
PPN:32
TLB[00000000000000000000000000000010],refer:0
dirty:0
VPN:  0
PPN: 0
TLB[00000000000000000000000000000011],refer:0
dirty:0
VPN:  0
PPN: 0
TLB[00000000000000000000000000000100],refer:0
dirty:0
VPN:  0
PPN: 0
TLB[00000000000000000000000000000101],refer:0
dirty:0
VPN:  0
PPN: 0
TLB[00000000000000000000000000000110],refer:0
dirty:0
VPN:  0
PPN: 0
TLB[00000000000000000000000000000111],refer:0
dirty:0
VPN:  0
PPN: 0
TLB[00000000000000000000000000001000],refer:0
dirty:0
VPN:  0
PPN: 0
TLB[00000000000000000000000000001001],refer:0
dirty:0
VPN:  0
PPN: 0
TLB[00000000000000000000000000001010],refer:0
dirty:0
VPN:  0
PPN: 0
TLB[00000000000000000000000000001011],refer:0
dirty:0
VPN:  0
PPN: 0
TLB[00000000000000000000000000001100],refer:0
dirty:0
VPN:  0
PPN: 0
TLB[00000000000000000000000000001101],refer:0
dirty:0
VPN:  0
PPN: 0
TLB[00000000000000000000000000001110],refer:0
dirty:0
VPN:  0
PPN: 0
TLB[00000000000000000000000000001111],refer:0
dirty:0
VPN:  0
PPN: 0
6:read_write = 0; address = 10'b1100000000 
TLB Start
tlb_hit: 0
page_table :valid=1,page_table PPN_out = 0x30
TLB: miss,visit_entry=0x2
TLB: miss,valid[visit_entry]=0x1,PPN[visit_entry]=0x30
TLB: miss, PA=0x300,refer[0x2]=1
TLB[00000000000000000000000000000000],refer:1
dirty:1
VPN:  0
PPN: 0
TLB[00000000000000000000000000000001],refer:1
dirty:0
VPN: 32
PPN:32
TLB[00000000000000000000000000000010],refer:1
dirty:0
VPN: 48
PPN:48
TLB[00000000000000000000000000000011],refer:0
dirty:0
VPN:  0
PPN: 0
TLB[00000000000000000000000000000100],refer:0
dirty:0
VPN:  0
PPN: 0
TLB[00000000000000000000000000000101],refer:0
dirty:0
VPN:  0
PPN: 0
TLB[00000000000000000000000000000110],refer:0
dirty:0
VPN:  0
PPN: 0
TLB[00000000000000000000000000000111],refer:0
dirty:0
VPN:  0
PPN: 0
TLB[00000000000000000000000000001000],refer:0
dirty:0
VPN:  0
PPN: 0
TLB[00000000000000000000000000001001],refer:0
dirty:0
VPN:  0
PPN: 0
TLB[00000000000000000000000000001010],refer:0
dirty:0
VPN:  0
PPN: 0
TLB[00000000000000000000000000001011],refer:0
dirty:0
VPN:  0
PPN: 0
TLB[00000000000000000000000000001100],refer:0
dirty:0
VPN:  0
PPN: 0
TLB[00000000000000000000000000001101],refer:0
dirty:0
VPN:  0
PPN: 0
TLB[00000000000000000000000000001110],refer:0
dirty:0
VPN:  0
PPN: 0
TLB[00000000000000000000000000001111],refer:0
dirty:0
VPN:  0
PPN: 0
Start
hit_miss: 0
Check: Dirty: 0
readindex: 1
tag[index0]: 0000
tag[index1]: 1000
memread! : xxxxxxxxxxxxxxxx
================================================== 
read_write= 0; read_data= 00000000000000000000000011111111; address=1100000000; write_data=xxxxxxxxxxxxxxxx
readindex: 1
caches[          0][          0]: 00000000000000000000000011111111,tag:0000
caches[          0][          1]: xxxxxxxxxxxxxxxxxxxxxxxxxxxxxxxx,tag:0000
caches[          1][          0]: xxxxxxxxxxxxxxxxxxxxxxxxxxxxxxxx,tag:1100
caches[          1][          1]: xxxxxxxxxxxxxxxxxxxxxxxxxxxxxxxx,tag:1100
caches[          2][          0]: 00000000000000000000000000000000,tag:0000
caches[          2][          1]: 00000000000000000000000000000000,tag:0000
caches[          3][          0]: 00000000000000000000000000000000,tag:0000
caches[          3][          1]: 00000000000000000000000000000000,tag:0000
caches[          4][          0]: 00000000000000000000000000000000,tag:0000
caches[          4][          1]: 00000000000000000000000000000000,tag:0000
caches[          5][          0]: 00000000000000000000000000000000,tag:0000
caches[          5][          1]: 00000000000000000000000000000000,tag:0000
caches[          6][          0]: 00000000000000000000000000000000,tag:0000
caches[          6][          1]: 00000000000000000000000000000000,tag:0000
caches[          7][          0]: 00000000000000000000000000000000,tag:0000
caches[          7][          1]: 00000000000000000000000000000000,tag:0000
================================================== 

 
7:read_write = 0; address = 10'b1000000000 
TLB Start
TLB: i=          1,  VA[11:4]==VPN[i ]=0x20 && valid[i], tlb_hit=1
tlb_hit: 1
TLB: hit, PA=0x200,refer[0x1]=1
TLB[00000000000000000000000000000000],refer:1
dirty:1
VPN:  0
PPN: 0
TLB[00000000000000000000000000000001],refer:1
dirty:0
VPN: 32
PPN:32
TLB[00000000000000000000000000000010],refer:1
dirty:0
VPN: 48
PPN:48
TLB[00000000000000000000000000000011],refer:0
dirty:0
VP